<?xml version="1.0" encoding="UTF-8"?>
<robot generator="Robot 4.1.1 (Python 3.9.7 on win32)" generated="20211010 21:15:28.106" rpa="false" schemaversion="2">
<suite id="s1" name="Tests" source="C:\Users\Thamires Fernandes M\OneDrive\Área de Trabalho\Thamires\GravidadeZero\nBank\tests">
<suite id="s1-s1" name="Nbank" source="C:\Users\Thamires Fernandes M\OneDrive\Área de Trabalho\Thamires\GravidadeZero\nBank\tests\nbank.robot">
<test id="s1-s1-t1" name="Cenario 1: Saldo">
<kw name="Start Session" library="base" type="SETUP">
<kw name="New Browser" library="Browser">
<arg>chromium</arg>
<arg>headless=False</arg>
<arg>slowMo=00:00:00</arg>
<tag>BrowserControl</tag>
<tag>Setter</tag>
<doc>Create a new playwright Browser with specified options.</doc>
<msg timestamp="20211010 21:15:28.870" level="INFO">{"browser": "chromium", "headless": false, "handleSIGINT": true, "handleSIGTERM": true, "handleSIGHUP": true, "timeout": 30000.0, "devtools": false, "slowMo": 0.0, "tracesDir": "C:\\Users\\Thamires Fernandes M\\OneDrive\\\u00c1rea de Trabalho\\Thamires\\GravidadeZero\\nBank\\logs\\browser\\traces\\7d40399b-8587-411b-8b4c-cdb3b99c70ee"}</msg>
<msg timestamp="20211010 21:15:29.229" level="INFO">Successfully created browser with options: {"browser":"chromium","headless":false,"handleSIGINT":true,"handleSIGTERM":true,"handleSIGHUP":true,"timeout":30000,"devtools":false,"slowMo":0,"tracesDir":"C:\\Users\\Thamires Fernandes M\\OneDrive\\Área de Trabalho\\Thamires\\GravidadeZero\\nBank\\logs\\browser\\traces\\7d40399b-8587-411b-8b4c-cdb3b99c70ee"}</msg>
<status status="PASS" starttime="20211010 21:15:28.869" endtime="20211010 21:15:29.229"/>
</kw>
<kw name="New Page" library="Browser">
<arg>https://nbank.vercel.app/</arg>
<tag>BrowserControl</tag>
<tag>Setter</tag>
<doc>Open a new Page. A Page is the Playwright equivalent to a tab.
See `Browser, Context and Page` for more information about Page concept.
Returns a stable identifier for the created page.</doc>
<msg timestamp="20211010 21:15:30.445" level="INFO">Successfully initialized new page object and opened url: https://nbank.vercel.app/</msg>
<msg timestamp="20211010 21:15:30.445" level="INFO">No context was open. New context was automatically opened when this page is created.</msg>
<status status="PASS" starttime="20211010 21:15:29.230" endtime="20211010 21:15:30.445"/>
</kw>
<status status="PASS" starttime="20211010 21:15:28.869" endtime="20211010 21:15:30.445"/>
</kw>
<kw name="Should See Opening Balance" library="actions">
<kw name="Wait For Elements State" library="Browser">
<arg>//div/a[contains(text(), "Olá Papito, seu saldo é R$ 1000")]</arg>
<arg>visible</arg>
<arg>5</arg>
<tag>PageContent</tag>
<tag>Wait</tag>
<doc>Waits for the element found by ``selector`` to satisfy state option.</doc>
<msg timestamp="20211010 21:15:30.472" level="INFO">Wait for Element with selector: //div/a[contains(text(), "Olá Papito, seu saldo é R$ 1000")]</msg>
<status status="PASS" starttime="20211010 21:15:30.446" endtime="20211010 21:15:30.473"/>
</kw>
<status status="PASS" starttime="20211010 21:15:30.446" endtime="20211010 21:15:30.473"/>
</kw>
<kw name="End Session" library="base" type="TEARDOWN">
<kw name="Take Screenshot" library="Browser">
<tag>PageContent</tag>
<doc>Takes a screenshot of the current window or element and saves it to disk.</doc>
<msg timestamp="20211010 21:15:30.665" level="INFO" html="true">&lt;/td&gt;&lt;/tr&gt;&lt;tr&gt;&lt;td colspan="3"&gt;&lt;a href="browser/screenshot/robotframework-browser-screenshot-1.png"&gt;&lt;img src="browser/screenshot/robotframework-browser-screenshot-1.png" width="800px"&gt;&lt;/a&gt;</msg>
<status status="PASS" starttime="20211010 21:15:30.474" endtime="20211010 21:15:30.665"/>
</kw>
<status status="PASS" starttime="20211010 21:15:30.473" endtime="20211010 21:15:30.665"/>
</kw>
<status status="PASS" starttime="20211010 21:15:28.867" endtime="20211010 21:15:30.666"/>
</test>
<test id="s1-s1-t2" name="Cenario 2: Fazer PIX">
<kw name="Start Session" library="base" type="SETUP">
<kw name="New Browser" library="Browser">
<arg>chromium</arg>
<arg>headless=False</arg>
<arg>slowMo=00:00:00</arg>
<tag>BrowserControl</tag>
<tag>Setter</tag>
<doc>Create a new playwright Browser with specified options.</doc>
<msg timestamp="20211010 21:15:30.768" level="INFO">{"browser": "chromium", "headless": false, "handleSIGINT": true, "handleSIGTERM": true, "handleSIGHUP": true, "timeout": 30000.0, "devtools": false, "slowMo": 0.0, "tracesDir": "C:\\Users\\Thamires Fernandes M\\OneDrive\\\u00c1rea de Trabalho\\Thamires\\GravidadeZero\\nBank\\logs\\browser\\traces\\f9e7ad17-9e07-48fe-81c8-4cc0fd58bc71"}</msg>
<msg timestamp="20211010 21:15:31.274" level="INFO">Successfully created browser with options: {"browser":"chromium","headless":false,"handleSIGINT":true,"handleSIGTERM":true,"handleSIGHUP":true,"timeout":30000,"devtools":false,"slowMo":0,"tracesDir":"C:\\Users\\Thamires Fernandes M\\OneDrive\\Área de Trabalho\\Thamires\\GravidadeZero\\nBank\\logs\\browser\\traces\\f9e7ad17-9e07-48fe-81c8-4cc0fd58bc71"}</msg>
<status status="PASS" starttime="20211010 21:15:30.767" endtime="20211010 21:15:31.274"/>
</kw>
<kw name="New Page" library="Browser">
<arg>https://nbank.vercel.app/</arg>
<tag>BrowserControl</tag>
<tag>Setter</tag>
<doc>Open a new Page. A Page is the Playwright equivalent to a tab.
See `Browser, Context and Page` for more information about Page concept.
Returns a stable identifier for the created page.</doc>
<msg timestamp="20211010 21:15:32.079" level="INFO">Successfully initialized new page object and opened url: https://nbank.vercel.app/</msg>
<msg timestamp="20211010 21:15:32.079" level="INFO">No context was open. New context was automatically opened when this page is created.</msg>
<status status="PASS" starttime="20211010 21:15:31.274" endtime="20211010 21:15:32.080"/>
</kw>
<status status="PASS" starttime="20211010 21:15:30.763" endtime="20211010 21:15:32.080"/>
</kw>
<kw name="Create Dictionary" library="BuiltIn">
<var>&amp;{pix}</var>
<arg>bank=Nubank</arg>
<arg>key=15984667711</arg>
<arg>value=900</arg>
<doc>Creates and returns a dictionary based on the given ``items``.</doc>
<msg timestamp="20211010 21:15:32.082" level="INFO">&amp;{pix} = { bank=Nubank | key=15984667711 | value=900 }</msg>
<status status="PASS" starttime="20211010 21:15:32.082" endtime="20211010 21:15:32.082"/>
</kw>
<kw name="Do PIX Forms" library="actions">
<arg>${pix}</arg>
<kw name="Click" library="Browser">
<arg>xpath=//a/strong[text()="Fazer PIX"]</arg>
<tag>PageContent</tag>
<tag>Setter</tag>
<doc>Simulates mouse click on the element found by ``selector``.</doc>
<status status="PASS" starttime="20211010 21:15:32.084" endtime="20211010 21:15:32.249"/>
</kw>
<kw name="Select Options By" library="Browser">
<arg>css=.select select</arg>
<arg>text</arg>
<arg>${pix}[bank]</arg>
<tag>PageContent</tag>
<tag>Setter</tag>
<doc>Selects options from select element found by ``selector``.</doc>
<status status="PASS" starttime="20211010 21:15:32.249" endtime="20211010 21:15:32.283"/>
</kw>
<kw name="Fill Text" library="Browser">
<arg>id=chave-pix</arg>
<arg>${pix}[key]</arg>
<tag>PageContent</tag>
<tag>Setter</tag>
<doc>Clears and fills the given ``txt`` into the text field found by ``selector``.</doc>
<msg timestamp="20211010 21:15:32.283" level="INFO">Fills the text '15984667711' in the given field.</msg>
<status status="PASS" starttime="20211010 21:15:32.283" endtime="20211010 21:15:32.311"/>
</kw>
<kw name="Fill Text" library="Browser">
<arg>id=valor</arg>
<arg>${pix}[value]</arg>
<tag>PageContent</tag>
<tag>Setter</tag>
<doc>Clears and fills the given ``txt`` into the text field found by ``selector``.</doc>
<msg timestamp="20211010 21:15:32.312" level="INFO">Fills the text '900' in the given field.</msg>
<status status="PASS" starttime="20211010 21:15:32.312" endtime="20211010 21:15:32.336"/>
</kw>
<status status="PASS" starttime="20211010 21:15:32.083" endtime="20211010 21:15:32.336"/>
</kw>
<kw name="Do PIX Submit" library="actions">
<kw name="Click" library="Browser">
<arg>xpath=//button[contains(text(),"Enviar PIX")]</arg>
<tag>PageContent</tag>
<tag>Setter</tag>
<doc>Simulates mouse click on the element found by ``selector``.</doc>
<status status="PASS" starttime="20211010 21:15:32.337" endtime="20211010 21:15:32.456"/>
</kw>
<status status="PASS" starttime="20211010 21:15:32.336" endtime="20211010 21:15:32.456"/>
</kw>
<kw name="Do PIX Visible" library="actions">
<arg>${pix}</arg>
<kw name="Set Variable" library="BuiltIn">
<var>${element}</var>
<arg>xpath=//td[contains(text(), "${pix}[key]")]/..</arg>
<doc>Returns the given values which can then be assigned to a variables.</doc>
<msg timestamp="20211010 21:15:32.457" level="INFO">${element} = xpath=//td[contains(text(), "15984667711")]/..</msg>
<status status="PASS" starttime="20211010 21:15:32.457" endtime="20211010 21:15:32.457"/>
</kw>
<kw name="Wait For Elements State" library="Browser">
<arg>${element}</arg>
<arg>visible</arg>
<arg>5</arg>
<tag>PageContent</tag>
<tag>Wait</tag>
<doc>Waits for the element found by ``selector`` to satisfy state option.</doc>
<msg timestamp="20211010 21:15:32.467" level="INFO">Wait for Element with selector: xpath=//td[contains(text(), "15984667711")]/..</msg>
<status status="PASS" starttime="20211010 21:15:32.457" endtime="20211010 21:15:32.467"/>
</kw>
<kw name="Get Text" library="Browser">
<arg>${element}</arg>
<arg>contains</arg>
<arg>${pix}[value]</arg>
<tag>Assertion</tag>
<tag>Getter</tag>
<tag>PageContent</tag>
<doc>Returns text attribute of the element found by ``selector``.</doc>
<status status="PASS" starttime="20211010 21:15:32.467" endtime="20211010 21:15:32.486"/>
</kw>
<status status="PASS" starttime="20211010 21:15:32.457" endtime="20211010 21:15:32.486"/>
</kw>
<kw name="End Session" library="base" type="TEARDOWN">
<kw name="Take Screenshot" library="Browser">
<tag>PageContent</tag>
<doc>Takes a screenshot of the current window or element and saves it to disk.</doc>
<msg timestamp="20211010 21:15:32.624" level="INFO" html="true">&lt;/td&gt;&lt;/tr&gt;&lt;tr&gt;&lt;td colspan="3"&gt;&lt;a href="browser/screenshot/robotframework-browser-screenshot-2.png"&gt;&lt;img src="browser/screenshot/robotframework-browser-screenshot-2.png" width="800px"&gt;&lt;/a&gt;</msg>
<status status="PASS" starttime="20211010 21:15:32.488" endtime="20211010 21:15:32.625"/>
</kw>
<status status="PASS" starttime="20211010 21:15:32.487" endtime="20211010 21:15:32.625"/>
</kw>
<status status="PASS" starttime="20211010 21:15:30.753" endtime="20211010 21:15:32.626"/>
</test>
<test id="s1-s1-t3" name="Cenario 3: PIX com valor ZERO">
<kw name="Start Session" library="base" type="SETUP">
<kw name="New Browser" library="Browser">
<arg>chromium</arg>
<arg>headless=False</arg>
<arg>slowMo=00:00:00</arg>
<tag>BrowserControl</tag>
<tag>Setter</tag>
<doc>Create a new playwright Browser with specified options.</doc>
<msg timestamp="20211010 21:15:32.742" level="INFO">{"browser": "chromium", "headless": false, "handleSIGINT": true, "handleSIGTERM": true, "handleSIGHUP": true, "timeout": 30000.0, "devtools": false, "slowMo": 0.0, "tracesDir": "C:\\Users\\Thamires Fernandes M\\OneDrive\\\u00c1rea de Trabalho\\Thamires\\GravidadeZero\\nBank\\logs\\browser\\traces\\15335683-60dd-4bf0-b6e6-a3b91048aef7"}</msg>
<msg timestamp="20211010 21:15:33.164" level="INFO">Successfully created browser with options: {"browser":"chromium","headless":false,"handleSIGINT":true,"handleSIGTERM":true,"handleSIGHUP":true,"timeout":30000,"devtools":false,"slowMo":0,"tracesDir":"C:\\Users\\Thamires Fernandes M\\OneDrive\\Área de Trabalho\\Thamires\\GravidadeZero\\nBank\\logs\\browser\\traces\\15335683-60dd-4bf0-b6e6-a3b91048aef7"}</msg>
<status status="PASS" starttime="20211010 21:15:32.737" endtime="20211010 21:15:33.164"/>
</kw>
<kw name="New Page" library="Browser">
<arg>https://nbank.vercel.app/</arg>
<tag>BrowserControl</tag>
<tag>Setter</tag>
<doc>Open a new Page. A Page is the Playwright equivalent to a tab.
See `Browser, Context and Page` for more information about Page concept.
Returns a stable identifier for the created page.</doc>
<msg timestamp="20211010 21:15:33.920" level="INFO">Successfully initialized new page object and opened url: https://nbank.vercel.app/</msg>
<msg timestamp="20211010 21:15:33.920" level="INFO">No context was open. New context was automatically opened when this page is created.</msg>
<status status="PASS" starttime="20211010 21:15:33.164" endtime="20211010 21:15:33.920"/>
</kw>
<status status="PASS" starttime="20211010 21:15:32.735" endtime="20211010 21:15:33.920"/>
</kw>
<kw name="Create Dictionary" library="BuiltIn">
<var>&amp;{pix}</var>
<arg>bank=Neon</arg>
<arg>key=15984667711</arg>
<arg>value=0</arg>
<doc>Creates and returns a dictionary based on the given ``items``.</doc>
<msg timestamp="20211010 21:15:33.921" level="INFO">&amp;{pix} = { bank=Neon | key=15984667711 | value=0 }</msg>
<status status="PASS" starttime="20211010 21:15:33.921" endtime="20211010 21:15:33.921"/>
</kw>
<kw name="Do PIX Forms" library="actions">
<arg>${pix}</arg>
<kw name="Click" library="Browser">
<arg>xpath=//a/strong[text()="Fazer PIX"]</arg>
<tag>PageContent</tag>
<tag>Setter</tag>
<doc>Simulates mouse click on the element found by ``selector``.</doc>
<status status="PASS" starttime="20211010 21:15:33.922" endtime="20211010 21:15:34.049"/>
</kw>
<kw name="Select Options By" library="Browser">
<arg>css=.select select</arg>
<arg>text</arg>
<arg>${pix}[bank]</arg>
<tag>PageContent</tag>
<tag>Setter</tag>
<doc>Selects options from select element found by ``selector``.</doc>
<status status="PASS" starttime="20211010 21:15:34.049" endtime="20211010 21:15:34.078"/>
</kw>
<kw name="Fill Text" library="Browser">
<arg>id=chave-pix</arg>
<arg>${pix}[key]</arg>
<tag>PageContent</tag>
<tag>Setter</tag>
<doc>Clears and fills the given ``txt`` into the text field found by ``selector``.</doc>
<msg timestamp="20211010 21:15:34.079" level="INFO">Fills the text '15984667711' in the given field.</msg>
<status status="PASS" starttime="20211010 21:15:34.078" endtime="20211010 21:15:34.105"/>
</kw>
<kw name="Fill Text" library="Browser">
<arg>id=valor</arg>
<arg>${pix}[value]</arg>
<tag>PageContent</tag>
<tag>Setter</tag>
<doc>Clears and fills the given ``txt`` into the text field found by ``selector``.</doc>
<msg timestamp="20211010 21:15:34.105" level="INFO">Fills the text '0' in the given field.</msg>
<status status="PASS" starttime="20211010 21:15:34.105" endtime="20211010 21:15:34.126"/>
</kw>
<status status="PASS" starttime="20211010 21:15:33.922" endtime="20211010 21:15:34.126"/>
</kw>
<kw name="Do PIX Submit" library="actions">
<kw name="Click" library="Browser">
<arg>xpath=//button[contains(text(),"Enviar PIX")]</arg>
<tag>PageContent</tag>
<tag>Setter</tag>
<doc>Simulates mouse click on the element found by ``selector``.</doc>
<status status="PASS" starttime="20211010 21:15:34.127" endtime="20211010 21:15:34.255"/>
</kw>
<status status="PASS" starttime="20211010 21:15:34.127" endtime="20211010 21:15:34.255"/>
</kw>
<kw name="Should Be Alert" library="actions">
<arg>Oops. Transferir ZERO é osso hein...</arg>
<kw name="Get Text" library="Browser">
<arg>css=.media-content</arg>
<arg>contains</arg>
<arg>${messenger}</arg>
<tag>Assertion</tag>
<tag>Getter</tag>
<tag>PageContent</tag>
<doc>Returns text attribute of the element found by ``selector``.</doc>
<status status="PASS" starttime="20211010 21:15:34.256" endtime="20211010 21:15:34.276"/>
</kw>
<status status="PASS" starttime="20211010 21:15:34.255" endtime="20211010 21:15:34.277"/>
</kw>
<kw name="End Session" library="base" type="TEARDOWN">
<kw name="Take Screenshot" library="Browser">
<tag>PageContent</tag>
<doc>Takes a screenshot of the current window or element and saves it to disk.</doc>
<msg timestamp="20211010 21:15:34.387" level="INFO" html="true">&lt;/td&gt;&lt;/tr&gt;&lt;tr&gt;&lt;td colspan="3"&gt;&lt;a href="browser/screenshot/robotframework-browser-screenshot-3.png"&gt;&lt;img src="browser/screenshot/robotframework-browser-screenshot-3.png" width="800px"&gt;&lt;/a&gt;</msg>
<status status="PASS" starttime="20211010 21:15:34.277" endtime="20211010 21:15:34.387"/>
</kw>
<status status="PASS" starttime="20211010 21:15:34.277" endtime="20211010 21:15:34.387"/>
</kw>
<status status="PASS" starttime="20211010 21:15:32.727" endtime="20211010 21:15:34.388"/>
</test>
<test id="s1-s1-t4" name="Cenario 4: PIX com valor NEGATIVO">
<kw name="Start Session" library="base" type="SETUP">
<kw name="New Browser" library="Browser">
<arg>chromium</arg>
<arg>headless=False</arg>
<arg>slowMo=00:00:00</arg>
<tag>BrowserControl</tag>
<tag>Setter</tag>
<doc>Create a new playwright Browser with specified options.</doc>
<msg timestamp="20211010 21:15:34.533" level="INFO">{"browser": "chromium", "headless": false, "handleSIGINT": true, "handleSIGTERM": true, "handleSIGHUP": true, "timeout": 30000.0, "devtools": false, "slowMo": 0.0, "tracesDir": "C:\\Users\\Thamires Fernandes M\\OneDrive\\\u00c1rea de Trabalho\\Thamires\\GravidadeZero\\nBank\\logs\\browser\\traces\\a365278b-c58e-4d00-84ec-9cc1799c205e"}</msg>
<msg timestamp="20211010 21:15:35.024" level="INFO">Successfully created browser with options: {"browser":"chromium","headless":false,"handleSIGINT":true,"handleSIGTERM":true,"handleSIGHUP":true,"timeout":30000,"devtools":false,"slowMo":0,"tracesDir":"C:\\Users\\Thamires Fernandes M\\OneDrive\\Área de Trabalho\\Thamires\\GravidadeZero\\nBank\\logs\\browser\\traces\\a365278b-c58e-4d00-84ec-9cc1799c205e"}</msg>
<status status="PASS" starttime="20211010 21:15:34.529" endtime="20211010 21:15:35.024"/>
</kw>
<kw name="New Page" library="Browser">
<arg>https://nbank.vercel.app/</arg>
<tag>BrowserControl</tag>
<tag>Setter</tag>
<doc>Open a new Page. A Page is the Playwright equivalent to a tab.
See `Browser, Context and Page` for more information about Page concept.
Returns a stable identifier for the created page.</doc>
<msg timestamp="20211010 21:15:35.754" level="INFO">Successfully initialized new page object and opened url: https://nbank.vercel.app/</msg>
<msg timestamp="20211010 21:15:35.754" level="INFO">No context was open. New context was automatically opened when this page is created.</msg>
<status status="PASS" starttime="20211010 21:15:35.024" endtime="20211010 21:15:35.754"/>
</kw>
<status status="PASS" starttime="20211010 21:15:34.526" endtime="20211010 21:15:35.754"/>
</kw>
<kw name="Create Dictionary" library="BuiltIn">
<var>&amp;{pix}</var>
<arg>bank=Neon</arg>
<arg>key=-1</arg>
<arg>value=500</arg>
<doc>Creates and returns a dictionary based on the given ``items``.</doc>
<msg timestamp="20211010 21:15:35.755" level="INFO">&amp;{pix} = { bank=Neon | key=-1 | value=500 }</msg>
<status status="PASS" starttime="20211010 21:15:35.754" endtime="20211010 21:15:35.755"/>
</kw>
<kw name="Do PIX Forms" library="actions">
<arg>${pix}</arg>
<kw name="Click" library="Browser">
<arg>xpath=//a/strong[text()="Fazer PIX"]</arg>
<tag>PageContent</tag>
<tag>Setter</tag>
<doc>Simulates mouse click on the element found by ``selector``.</doc>
<status status="PASS" starttime="20211010 21:15:35.756" endtime="20211010 21:15:35.901"/>
</kw>
<kw name="Select Options By" library="Browser">
<arg>css=.select select</arg>
<arg>text</arg>
<arg>${pix}[bank]</arg>
<tag>PageContent</tag>
<tag>Setter</tag>
<doc>Selects options from select element found by ``selector``.</doc>
<status status="PASS" starttime="20211010 21:15:35.901" endtime="20211010 21:15:35.935"/>
</kw>
<kw name="Fill Text" library="Browser">
<arg>id=chave-pix</arg>
<arg>${pix}[key]</arg>
<tag>PageContent</tag>
<tag>Setter</tag>
<doc>Clears and fills the given ``txt`` into the text field found by ``selector``.</doc>
<msg timestamp="20211010 21:15:35.936" level="INFO">Fills the text '-1' in the given field.</msg>
<status status="PASS" starttime="20211010 21:15:35.936" endtime="20211010 21:15:35.967"/>
</kw>
<kw name="Fill Text" library="Browser">
<arg>id=valor</arg>
<arg>${pix}[value]</arg>
<tag>PageContent</tag>
<tag>Setter</tag>
<doc>Clears and fills the given ``txt`` into the text field found by ``selector``.</doc>
<msg timestamp="20211010 21:15:35.968" level="INFO">Fills the text '500' in the given field.</msg>
<status status="PASS" starttime="20211010 21:15:35.968" endtime="20211010 21:15:35.991"/>
</kw>
<status status="PASS" starttime="20211010 21:15:35.755" endtime="20211010 21:15:35.991"/>
</kw>
<kw name="Do PIX Submit" library="actions">
<kw name="Click" library="Browser">
<arg>xpath=//button[contains(text(),"Enviar PIX")]</arg>
<tag>PageContent</tag>
<tag>Setter</tag>
<doc>Simulates mouse click on the element found by ``selector``.</doc>
<status status="PASS" starttime="20211010 21:15:35.992" endtime="20211010 21:15:36.114"/>
</kw>
<status status="PASS" starttime="20211010 21:15:35.991" endtime="20211010 21:15:36.115"/>
</kw>
<kw name="Should Be Alert" library="actions">
<arg>"Oops. Valor para PIX incorreto..."</arg>
<kw name="Get Text" library="Browser">
<arg>css=.media-content</arg>
<arg>contains</arg>
<arg>${messenger}</arg>
<tag>Assertion</tag>
<tag>Getter</tag>
<tag>PageContent</tag>
<doc>Returns text attribute of the element found by ``selector``.</doc>
<msg timestamp="20211010 21:15:46.272" level="INFO" html="true">&lt;/td&gt;&lt;/tr&gt;&lt;tr&gt;&lt;td colspan="3"&gt;&lt;a href="browser/screenshot/fail-screenshot-1.png"&gt;&lt;img src="browser/screenshot/fail-screenshot-1.png" width="800px"&gt;&lt;/a&gt;</msg>
<msg timestamp="20211010 21:15:46.275" level="FAIL">TimeoutError: page.waitForSelector: Timeout 10000ms exceeded.
=========================== logs ===========================
waiting for selector "css=.media-content"
============================================================</msg>
<status status="FAIL" starttime="20211010 21:15:36.116" endtime="20211010 21:15:46.275"/>
</kw>
<status status="FAIL" starttime="20211010 21:15:36.115" endtime="20211010 21:15:46.276"/>
</kw>
<kw name="End Session" library="base" type="TEARDOWN">
<kw name="Take Screenshot" library="Browser">
<tag>PageContent</tag>
<doc>Takes a screenshot of the current window or element and saves it to disk.</doc>
<msg timestamp="20211010 21:15:46.387" level="INFO" html="true">&lt;/td&gt;&lt;/tr&gt;&lt;tr&gt;&lt;td colspan="3"&gt;&lt;a href="browser/screenshot/robotframework-browser-screenshot-4.png"&gt;&lt;img src="browser/screenshot/robotframework-browser-screenshot-4.png" width="800px"&gt;&lt;/a&gt;</msg>
<status status="PASS" starttime="20211010 21:15:46.276" endtime="20211010 21:15:46.387"/>
</kw>
<status status="PASS" starttime="20211010 21:15:46.276" endtime="20211010 21:15:46.387"/>
</kw>
<status status="FAIL" starttime="20211010 21:15:34.514" endtime="20211010 21:15:46.388">TimeoutError: page.waitForSelector: Timeout 10000ms exceeded.
=========================== logs ===========================
waiting for selector "css=.media-content"
============================================================</status>
</test>
<status status="FAIL" starttime="20211010 21:15:28.133" endtime="20211010 21:15:46.540"/>
</suite>
<status status="FAIL" starttime="20211010 21:15:28.107" endtime="20211010 21:15:46.556"/>
</suite>
<statistics>
<total>
<stat pass="3" fail="1" skip="0">All Tests</stat>
</total>
<tag>
</tag>
<suite>
<stat pass="3" fail="1" skip="0" id="s1" name="Tests">Tests</stat>
<stat pass="3" fail="1" skip="0" id="s1-s1" name="Nbank">Tests.Nbank</stat>
</suite>
</statistics>
<errors>
</errors>
</robot>
